     1                                  section .text
     2                                  
     3                                  global _start
     4                                  
     5                                  _start:
     6 00000000 B801000000                  mov rax, 0x01
     7 00000005 BF01000000                  mov rdi, 1
     8 0000000A 48BE-                       mov rsi, Msg
     8 0000000C [0000000000000000] 
     9 00000014 BA0D000000                  mov rdx, MsgLen
    10 00000019 0F05                        syscall
    11                                  
    12 0000001B B83C000000                  mov rax, 0x3C
    13 00000020 4831FF                      xor rdi, rdi
    14 00000023 0F05                        syscall
    15                                  
    16                                  
    17                                  section .data
    18                                  
    19 00000000 48656C6C6F20576F72-     Msg:    db "Hello World!", 0x0A
    19 00000009 6C64210A           
    20                                  MsgLen  equ $ - Msg
